clsp_completo/02_mobile/android/app/build/intermediates/manifest_merge_blame_file/debug/manifest-merger-blame-debug-report.txt
1<?xml version="1.0" encoding="utf-8"?>
2<manifest xmlns:android="http://schemas.android.com/apk/res/android"
3    package="com.clspmobile"
4    android:versionCode="1"
5    android:versionName="1.0" >
6
7    <uses-sdk
8        android:minSdkVersion="21"
9        android:targetSdkVersion="34" />
10
11    <uses-permission android:name="android.permission.INTERNET" />
11-->src\main\AndroidManifest.xml:3:5-67
11-->src\main\AndroidManifest.xml:3:22-64
12    <!--
13    This manifest file is used only by Gradle to configure debug-only capabilities
14    for React Native Apps.
15    -->
16    <uses-permission android:name="android.permission.SYSTEM_ALERT_WINDOW" />
16-->[com.facebook.react:react-android:0.73.4] AndroidManifest.xml:16:5-78
16-->[com.facebook.react:react-android:0.73.4] AndroidManifest.xml:16:22-75
17    <uses-permission android:name="android.permission.ACCESS_WIFI_STATE" /> <!-- Include required permissions for Google Maps API to run. -->
17-->[com.facebook.flipper:flipper:0.201.0] AndroidManifest.xml:14:5-76
17-->[com.facebook.flipper:flipper:0.201.0] AndroidManifest.xml:14:22-73
18    <uses-permission android:name="android.permission.ACCESS_NETWORK_STATE" />
18-->[com.google.android.gms:play-services-maps:18.2.0] AndroidManifest.xml:23:5-79
18-->[com.google.android.gms:play-services-maps:18.2.0] AndroidManifest.xml:23:22-76
19
20    <uses-feature
20-->[com.google.android.gms:play-services-maps:18.2.0] AndroidManifest.xml:26:5-28:35
21        android:glEsVersion="0x00020000"
21-->[com.google.android.gms:play-services-maps:18.2.0] AndroidManifest.xml:27:9-41
22        android:required="true" />
22-->[com.google.android.gms:play-services-maps:18.2.0] AndroidManifest.xml:28:9-32
23
24    <queries>
24-->[com.google.android.gms:play-services-maps:18.2.0] AndroidManifest.xml:30:5-34:15
25
26        <!-- Needs to be explicitly declared on Android R+ -->
27        <package android:name="com.google.android.apps.maps" />
27-->[com.google.android.gms:play-services-maps:18.2.0] AndroidManifest.xml:33:9-64
27-->[com.google.android.gms:play-services-maps:18.2.0] AndroidManifest.xml:33:18-61
28    </queries>
29
30    <uses-permission android:name="android.permission.WAKE_LOCK" />
30-->[androidx.work:work-runtime:2.8.1] AndroidManifest.xml:23:5-68
30-->[androidx.work:work-runtime:2.8.1] AndroidManifest.xml:23:22-65
31    <uses-permission android:name="android.permission.RECEIVE_BOOT_COMPLETED" />
31-->[androidx.work:work-runtime:2.8.1] AndroidManifest.xml:25:5-81
31-->[androidx.work:work-runtime:2.8.1] AndroidManifest.xml:25:22-78
32    <uses-permission android:name="android.permission.FOREGROUND_SERVICE" />
32-->[androidx.work:work-runtime:2.8.1] AndroidManifest.xml:26:5-77
32-->[androidx.work:work-runtime:2.8.1] AndroidManifest.xml:26:22-74
33
34    <permission
34-->[androidx.core:core:1.13.1] AndroidManifest.xml:22:5-24:47
35        android:name="com.clspmobile.DYNAMIC_RECEIVER_NOT_EXPORTED_PERMISSION"
35-->[androidx.core:core:1.13.1] AndroidManifest.xml:23:9-81
36        android:protectionLevel="signature" />
36-->[androidx.core:core:1.13.1] AndroidManifest.xml:24:9-44
37
38    <uses-permission android:name="com.clspmobile.DYNAMIC_RECEIVER_NOT_EXPORTED_PERMISSION" />
38-->[androidx.core:core:1.13.1] AndroidManifest.xml:26:5-97
38-->[androidx.core:core:1.13.1] AndroidManifest.xml:26:22-94
39    <uses-permission android:name="android.permission.ACCESS_BACKGROUND_LOCATION" />
39-->[com.transistorsoft:tslocationmanager:3.7.0] AndroidManifest.xml:10:5-85
39-->[com.transistorsoft:tslocationmanager:3.7.0] AndroidManifest.xml:10:22-82
40    <uses-permission android:name="android.permission.ACCESS_COARSE_LOCATION" />
40-->[com.transistorsoft:tslocationmanager:3.7.0] AndroidManifest.xml:11:5-81
40-->[com.transistorsoft:tslocationmanager:3.7.0] AndroidManifest.xml:11:22-78
41    <uses-permission android:name="android.permission.ACTIVITY_RECOGNITION" />
41-->[com.transistorsoft:tslocationmanager:3.7.0] AndroidManifest.xml:12:5-79
41-->[com.transistorsoft:tslocationmanager:3.7.0] AndroidManifest.xml:12:22-76
42    <uses-permission android:name="android.permission.ACCESS_FINE_LOCATION" />
42-->[com.transistorsoft:tslocationmanager:3.7.0] AndroidManifest.xml:13:5-79
42-->[com.transistorsoft:tslocationmanager:3.7.0] AndroidManifest.xml:13:22-76
43    <uses-permission android:name="com.google.android.gms.permission.ACTIVITY_RECOGNITION" />
43-->[com.transistorsoft:tslocationmanager:3.7.0] AndroidManifest.xml:16:5-94
43-->[com.transistorsoft:tslocationmanager:3.7.0] AndroidManifest.xml:16:22-91
44    <uses-permission android:name="com.huawei.hms.permission.ACTIVITY_RECOGNITION" />
44-->[com.transistorsoft:tslocationmanager:3.7.0] AndroidManifest.xml:17:5-86
44-->[com.transistorsoft:tslocationmanager:3.7.0] AndroidManifest.xml:17:22-83
45    <uses-permission android:name="android.permission.SCHEDULE_EXACT_ALARM" />
45-->[com.transistorsoft:tslocationmanager:3.7.0] AndroidManifest.xml:19:5-79
45-->[com.transistorsoft:tslocationmanager:3.7.0] AndroidManifest.xml:19:22-76
46    <uses-permission android:name="android.permission.POST_NOTIFICATIONS" />
46-->[com.transistorsoft:tslocationmanager:3.7.0] AndroidManifest.xml:20:5-77
46-->[com.transistorsoft:tslocationmanager:3.7.0] AndroidManifest.xml:20:22-74
47    <uses-permission android:name="android.permission.FOREGROUND_SERVICE_LOCATION" /> <!-- ENABLE FOR CrashDetector testing:  <uses-permission android:name="android.permission.HIGH_SAMPLING_RATE_SENSORS" /> -->
47-->[com.transistorsoft:tslocationmanager:3.7.0] AndroidManifest.xml:21:5-86
47-->[com.transistorsoft:tslocationmanager:3.7.0] AndroidManifest.xml:21:22-83
48    <!--
49    This permission overrids Android 12 restriction on starting foreground-serivces in background
50    but the permission is available only to "priveliged" apps (EMERGENCY apps)
51
52    <uses-permission android:name="android.permission.START_FOREGROUND_SERVICES_FROM_BACKGROUND" />
53    -->
54    <!-- device-specific permissions for DeviceSettings methods -->
55    <uses-permission android:name="oppo.permission.OPPO_COMPONENT_SAFE" />
55-->[com.transistorsoft:tslocationmanager:3.7.0] AndroidManifest.xml:35:5-75
55-->[com.transistorsoft:tslocationmanager:3.7.0] AndroidManifest.xml:35:22-72
56    <uses-permission android:name="com.huawei.permission.external_app_settings.USE_COMPONENT" />
56-->[com.transistorsoft:tslocationmanager:3.7.0] AndroidManifest.xml:36:5-97
56-->[com.transistorsoft:tslocationmanager:3.7.0] AndroidManifest.xml:36:22-94
57
58    <uses-feature
58-->[com.transistorsoft:tslocationmanager:3.7.0] AndroidManifest.xml:38:5-40:36
59        android:name="android.hardware.location.gps"
59-->[com.transistorsoft:tslocationmanager:3.7.0] AndroidManifest.xml:39:9-53
60        android:required="false" />
60-->[com.transistorsoft:tslocationmanager:3.7.0] AndroidManifest.xml:40:9-33
61
62    <application
62-->src\main\AndroidManifest.xml:5:5-24:19
63        android:name="com.clspmobile.MainApplication"
63-->src\main\AndroidManifest.xml:6:7-38
64        android:allowBackup="false"
64-->src\main\AndroidManifest.xml:10:7-34
65        android:appComponentFactory="androidx.core.app.CoreComponentFactory"
65-->[androidx.core:core:1.13.1] AndroidManifest.xml:28:18-86
66        android:debuggable="true"
67        android:extractNativeLibs="true"
68        android:icon="@mipmap/ic_launcher"
68-->src\main\AndroidManifest.xml:8:7-41
69        android:label="@string/app_name"
69-->src\main\AndroidManifest.xml:7:7-39
70        android:roundIcon="@mipmap/ic_launcher_round"
70-->src\main\AndroidManifest.xml:9:7-52
71        android:theme="@style/AppTheme"
71-->src\main\AndroidManifest.xml:11:7-38
72        android:usesCleartextTraffic="true" >
72-->src\debug\AndroidManifest.xml:6:9-44
73        <activity
73-->src\main\AndroidManifest.xml:12:7-23:18
74            android:name="com.clspmobile.MainActivity"
74-->src\main\AndroidManifest.xml:13:9-37
75            android:configChanges="keyboard|keyboardHidden|orientation|screenLayout|screenSize|smallestScreenSize|uiMode"
75-->src\main\AndroidManifest.xml:15:9-118
76            android:exported="true"
76-->src\main\AndroidManifest.xml:18:9-32
77            android:label="@string/app_name"
77-->src\main\AndroidManifest.xml:14:9-41
78            android:launchMode="singleTask"
78-->src\main\AndroidManifest.xml:16:9-40
79            android:windowSoftInputMode="adjustResize" >
79-->src\main\AndroidManifest.xml:17:9-51
80            <intent-filter>
80-->src\main\AndroidManifest.xml:19:9-22:25
81                <action android:name="android.intent.action.MAIN" />
81-->src\main\AndroidManifest.xml:20:13-65
81-->src\main\AndroidManifest.xml:20:21-62
82
83                <category android:name="android.intent.category.LAUNCHER" />
83-->src\main\AndroidManifest.xml:21:13-73
83-->src\main\AndroidManifest.xml:21:23-70
84            </intent-filter>
85        </activity>
86
87        <provider
87-->[:react-native-image-picker] AndroidManifest.xml:8:9-16:20
88            android:name="com.imagepicker.ImagePickerProvider"
88-->[:react-native-image-picker] AndroidManifest.xml:9:13-63
89            android:authorities="com.clspmobile.imagepickerprovider"
89-->[:react-native-image-picker] AndroidManifest.xml:10:13-71
90            android:exported="false"
90-->[:react-native-image-picker] AndroidManifest.xml:11:13-37
91            android:grantUriPermissions="true" >
91-->[:react-native-image-picker] AndroidManifest.xml:12:13-47
92            <meta-data
92-->[:react-native-image-picker] AndroidManifest.xml:13:13-15:70
93                android:name="android.support.FILE_PROVIDER_PATHS"
93-->[:react-native-image-picker] AndroidManifest.xml:14:17-67
94                android:resource="@xml/imagepicker_provider_paths" />
94-->[:react-native-image-picker] AndroidManifest.xml:15:17-67
95        </provider>
96
97        <activity
97-->[com.facebook.react:react-android:0.73.4] AndroidManifest.xml:19:9-21:40
98            android:name="com.facebook.react.devsupport.DevSettingsActivity"
98-->[com.facebook.react:react-android:0.73.4] AndroidManifest.xml:20:13-77
99            android:exported="false" />
99-->[com.facebook.react:react-android:0.73.4] AndroidManifest.xml:21:13-37
100        <activity
100-->[io.github.nishkarsh:android-permissions:2.1.6] AndroidManifest.xml:12:9-16:59
101            android:name="com.intentfilter.androidpermissions.PermissionsActivity"
101-->[io.github.nishkarsh:android-permissions:2.1.6] AndroidManifest.xml:13:13-83
102            android:excludeFromRecents="true"
102-->[io.github.nishkarsh:android-permissions:2.1.6] AndroidManifest.xml:14:13-46
103            android:exported="false"
103-->[io.github.nishkarsh:android-permissions:2.1.6] AndroidManifest.xml:15:13-37
104            android:theme="@style/AppTheme.Transparent" />
104-->[io.github.nishkarsh:android-permissions:2.1.6] AndroidManifest.xml:16:13-56
105
106        <meta-data
106-->[com.google.maps.android:android-maps-utils:3.8.2] AndroidManifest.xml:8:9-10:69
107            android:name="com.google.android.gms.version"
107-->[com.google.maps.android:android-maps-utils:3.8.2] AndroidManifest.xml:9:13-58
108            android:value="@integer/google_play_services_version" /> <!-- Needs to be explicitly declared on P+ -->
108-->[com.google.maps.android:android-maps-utils:3.8.2] AndroidManifest.xml:10:13-66
109        <uses-library
109-->[com.google.android.gms:play-services-maps:18.2.0] AndroidManifest.xml:39:9-41:40
110            android:name="org.apache.http.legacy"
110-->[com.google.android.gms:play-services-maps:18.2.0] AndroidManifest.xml:40:13-50
111            android:required="false" />
111-->[com.google.android.gms:play-services-maps:18.2.0] AndroidManifest.xml:41:13-37
112
113        <activity
113-->[com.google.android.gms:play-services-base:18.2.0] AndroidManifest.xml:20:9-22:45
114            android:name="com.google.android.gms.common.api.GoogleApiActivity"
114-->[com.google.android.gms:play-services-base:18.2.0] AndroidManifest.xml:20:19-85
115            android:exported="false"
115-->[com.google.android.gms:play-services-base:18.2.0] AndroidManifest.xml:22:19-43
116            android:theme="@android:style/Theme.Translucent.NoTitleBar" />
116-->[com.google.android.gms:play-services-base:18.2.0] AndroidManifest.xml:21:19-78
117
118        <provider
118-->[androidx.work:work-runtime:2.8.1] AndroidManifest.xml:29:9-37:20
119            android:name="androidx.startup.InitializationProvider"
119-->[androidx.work:work-runtime:2.8.1] AndroidManifest.xml:30:13-67
120            android:authorities="com.clspmobile.androidx-startup"
120-->[androidx.work:work-runtime:2.8.1] AndroidManifest.xml:31:13-68
121            android:exported="false" >
121-->[androidx.work:work-runtime:2.8.1] AndroidManifest.xml:32:13-37
122            <meta-data
122-->[androidx.work:work-runtime:2.8.1] AndroidManifest.xml:34:13-36:52
123                android:name="androidx.work.WorkManagerInitializer"
123-->[androidx.work:work-runtime:2.8.1] AndroidManifest.xml:35:17-68
124                android:value="androidx.startup" />
124-->[androidx.work:work-runtime:2.8.1] AndroidManifest.xml:36:17-49
125            <meta-data
125-->[androidx.emoji2:emoji2:1.3.0] AndroidManifest.xml:29:13-31:52
126                android:name="androidx.emoji2.text.EmojiCompatInitializer"
126-->[androidx.emoji2:emoji2:1.3.0] AndroidManifest.xml:30:17-75
127                android:value="androidx.startup" />
127-->[androidx.emoji2:emoji2:1.3.0] AndroidManifest.xml:31:17-49
128            <meta-data
128-->[androidx.lifecycle:lifecycle-process:2.6.2] AndroidManifest.xml:29:13-31:52
129                android:name="androidx.lifecycle.ProcessLifecycleInitializer"
129-->[androidx.lifecycle:lifecycle-process:2.6.2] AndroidManifest.xml:30:17-78
130                android:value="androidx.startup" />
130-->[androidx.lifecycle:lifecycle-process:2.6.2] AndroidManifest.xml:31:17-49
131            <meta-data
131-->[androidx.profileinstaller:profileinstaller:1.3.1] AndroidManifest.xml:29:13-31:52
132                android:name="androidx.profileinstaller.ProfileInstallerInitializer"
132-->[androidx.profileinstaller:profileinstaller:1.3.1] AndroidManifest.xml:30:17-85
133                android:value="androidx.startup" />
133-->[androidx.profileinstaller:profileinstaller:1.3.1] AndroidManifest.xml:31:17-49
134        </provider>
135
136        <service
136-->[androidx.work:work-runtime:2.8.1] AndroidManifest.xml:39:9-45:35
137            android:name="androidx.work.impl.background.systemalarm.SystemAlarmService"
137-->[androidx.work:work-runtime:2.8.1] AndroidManifest.xml:40:13-88
138            android:directBootAware="false"
138-->[androidx.work:work-runtime:2.8.1] AndroidManifest.xml:41:13-44
139            android:enabled="@bool/enable_system_alarm_service_default"
139-->[androidx.work:work-runtime:2.8.1] AndroidManifest.xml:42:13-72
140            android:exported="false" />
140-->[androidx.work:work-runtime:2.8.1] AndroidManifest.xml:43:13-37
141        <service
141-->[androidx.work:work-runtime:2.8.1] AndroidManifest.xml:46:9-52:35
142            android:name="androidx.work.impl.background.systemjob.SystemJobService"
142-->[androidx.work:work-runtime:2.8.1] AndroidManifest.xml:47:13-84
143            android:directBootAware="false"
143-->[androidx.work:work-runtime:2.8.1] AndroidManifest.xml:48:13-44
144            android:enabled="@bool/enable_system_job_service_default"
144-->[androidx.work:work-runtime:2.8.1] AndroidManifest.xml:49:13-70
145            android:exported="true"
145-->[androidx.work:work-runtime:2.8.1] AndroidManifest.xml:50:13-36
146            android:permission="android.permission.BIND_JOB_SERVICE" />
146-->[androidx.work:work-runtime:2.8.1] AndroidManifest.xml:51:13-69
147        <service
147-->[androidx.work:work-runtime:2.8.1] AndroidManifest.xml:53:9-59:35
148            android:name="androidx.work.impl.foreground.SystemForegroundService"
148-->[androidx.work:work-runtime:2.8.1] AndroidManifest.xml:54:13-81
149            android:directBootAware="false"
149-->[androidx.work:work-runtime:2.8.1] AndroidManifest.xml:55:13-44
150            android:enabled="@bool/enable_system_foreground_service_default"
150-->[androidx.work:work-runtime:2.8.1] AndroidManifest.xml:56:13-77
151            android:exported="false" />
151-->[androidx.work:work-runtime:2.8.1] AndroidManifest.xml:57:13-37
152
153        <receiver
153-->[androidx.work:work-runtime:2.8.1] AndroidManifest.xml:61:9-66:35
154            android:name="androidx.work.impl.utils.ForceStopRunnable$BroadcastReceiver"
154-->[androidx.work:work-runtime:2.8.1] AndroidManifest.xml:62:13-88
155            android:directBootAware="false"
155-->[androidx.work:work-runtime:2.8.1] AndroidManifest.xml:63:13-44
156            android:enabled="true"
156-->[androidx.work:work-runtime:2.8.1] AndroidManifest.xml:64:13-35
157            android:exported="false" />
157-->[androidx.work:work-runtime:2.8.1] AndroidManifest.xml:65:13-37
158        <receiver
158-->[androidx.work:work-runtime:2.8.1] AndroidManifest.xml:67:9-77:20
159            android:name="androidx.work.impl.background.systemalarm.ConstraintProxy$BatteryChargingProxy"
159-->[androidx.work:work-runtime:2.8.1] AndroidManifest.xml:68:13-106
160            android:directBootAware="false"
160-->[androidx.work:work-runtime:2.8.1] AndroidManifest.xml:69:13-44
161            android:enabled="false"
161-->[androidx.work:work-runtime:2.8.1] AndroidManifest.xml:70:13-36
162            android:exported="false" >
162-->[androidx.work:work-runtime:2.8.1] AndroidManifest.xml:71:13-37
163            <intent-filter>
163-->[androidx.work:work-runtime:2.8.1] AndroidManifest.xml:73:13-76:29
164                <action android:name="android.intent.action.ACTION_POWER_CONNECTED" />
164-->[androidx.work:work-runtime:2.8.1] AndroidManifest.xml:74:17-87
164-->[androidx.work:work-runtime:2.8.1] AndroidManifest.xml:74:25-84
165                <action android:name="android.intent.action.ACTION_POWER_DISCONNECTED" />
165-->[androidx.work:work-runtime:2.8.1] AndroidManifest.xml:75:17-90
165-->[androidx.work:work-runtime:2.8.1] AndroidManifest.xml:75:25-87
166            </intent-filter>
167        </receiver>
168        <receiver
168-->[androidx.work:work-runtime:2.8.1] AndroidManifest.xml:78:9-88:20
169            android:name="androidx.work.impl.background.systemalarm.ConstraintProxy$BatteryNotLowProxy"
169-->[androidx.work:work-runtime:2.8.1] AndroidManifest.xml:79:13-104
170            android:directBootAware="false"
170-->[androidx.work:work-runtime:2.8.1] AndroidManifest.xml:80:13-44
171            android:enabled="false"
171-->[androidx.work:work-runtime:2.8.1] AndroidManifest.xml:81:13-36
172            android:exported="false" >
172-->[androidx.work:work-runtime:2.8.1] AndroidManifest.xml:82:13-37
173            <intent-filter>
173-->[androidx.work:work-runtime:2.8.1] AndroidManifest.xml:84:13-87:29
174                <action android:name="android.intent.action.BATTERY_OKAY" />
174-->[androidx.work:work-runtime:2.8.1] AndroidManifest.xml:85:17-77
174-->[androidx.work:work-runtime:2.8.1] AndroidManifest.xml:85:25-74
175                <action android:name="android.intent.action.BATTERY_LOW" />
175-->[androidx.work:work-runtime:2.8.1] AndroidManifest.xml:86:17-76
175-->[androidx.work:work-runtime:2.8.1] AndroidManifest.xml:86:25-73
176            </intent-filter>
177        </receiver>
178        <receiver
178-->[androidx.work:work-runtime:2.8.1] AndroidManifest.xml:89:9-99:20
179            android:name="androidx.work.impl.background.systemalarm.ConstraintProxy$StorageNotLowProxy"
179-->[androidx.work:work-runtime:2.8.1] AndroidManifest.xml:90:13-104
180            android:directBootAware="false"
180-->[androidx.work:work-runtime:2.8.1] AndroidManifest.xml:91:13-44
181            android:enabled="false"
181-->[androidx.work:work-runtime:2.8.1] AndroidManifest.xml:92:13-36
182            android:exported="false" >
182-->[androidx.work:work-runtime:2.8.1] AndroidManifest.xml:93:13-37
183            <intent-filter>
183-->[androidx.work:work-runtime:2.8.1] AndroidManifest.xml:95:13-98:29
184                <action android:name="android.intent.action.DEVICE_STORAGE_LOW" />
184-->[androidx.work:work-runtime:2.8.1] AndroidManifest.xml:96:17-83
184-->[androidx.work:work-runtime:2.8.1] AndroidManifest.xml:96:25-80
185                <action android:name="android.intent.action.DEVICE_STORAGE_OK" />
185-->[androidx.work:work-runtime:2.8.1] AndroidManifest.xml:97:17-82
185-->[androidx.work:work-runtime:2.8.1] AndroidManifest.xml:97:25-79
186            </intent-filter>
187        </receiver>
188        <receiver
188-->[androidx.work:work-runtime:2.8.1] AndroidManifest.xml:100:9-109:20
189            android:name="androidx.work.impl.background.systemalarm.ConstraintProxy$NetworkStateProxy"
189-->[androidx.work:work-runtime:2.8.1] AndroidManifest.xml:101:13-103
190            android:directBootAware="false"
190-->[androidx.work:work-runtime:2.8.1] AndroidManifest.xml:102:13-44
191            android:enabled="false"
191-->[androidx.work:work-runtime:2.8.1] AndroidManifest.xml:103:13-36
192            android:exported="false" >
192-->[androidx.work:work-runtime:2.8.1] AndroidManifest.xml:104:13-37
193            <intent-filter>
193-->[androidx.work:work-runtime:2.8.1] AndroidManifest.xml:106:13-108:29
194                <action android:name="android.net.conn.CONNECTIVITY_CHANGE" />
194-->[androidx.work:work-runtime:2.8.1] AndroidManifest.xml:107:17-79
194-->[androidx.work:work-runtime:2.8.1] AndroidManifest.xml:107:25-76
195            </intent-filter>
196        </receiver>
197        <receiver
197-->[androidx.work:work-runtime:2.8.1] AndroidManifest.xml:110:9-121:20
198            android:name="androidx.work.impl.background.systemalarm.RescheduleReceiver"
198-->[androidx.work:work-runtime:2.8.1] AndroidManifest.xml:111:13-88
199            android:directBootAware="false"
199-->[androidx.work:work-runtime:2.8.1] AndroidManifest.xml:112:13-44
200            android:enabled="false"
200-->[androidx.work:work-runtime:2.8.1] AndroidManifest.xml:113:13-36
201            android:exported="false" >
201-->[androidx.work:work-runtime:2.8.1] AndroidManifest.xml:114:13-37
202            <intent-filter>
202-->[androidx.work:work-runtime:2.8.1] AndroidManifest.xml:116:13-120:29
203                <action android:name="android.intent.action.BOOT_COMPLETED" />
203-->[androidx.work:work-runtime:2.8.1] AndroidManifest.xml:117:17-79
203-->[androidx.work:work-runtime:2.8.1] AndroidManifest.xml:117:25-76
204                <action android:name="android.intent.action.TIME_SET" />
204-->[androidx.work:work-runtime:2.8.1] AndroidManifest.xml:118:17-73
204-->[androidx.work:work-runtime:2.8.1] AndroidManifest.xml:118:25-70
205                <action android:name="android.intent.action.TIMEZONE_CHANGED" />
205-->[androidx.work:work-runtime:2.8.1] AndroidManifest.xml:119:17-81
205-->[androidx.work:work-runtime:2.8.1] AndroidManifest.xml:119:25-78
206            </intent-filter>
207        </receiver>
208        <receiver
208-->[androidx.work:work-runtime:2.8.1] AndroidManifest.xml:122:9-131:20
209            android:name="androidx.work.impl.background.systemalarm.ConstraintProxyUpdateReceiver"
209-->[androidx.work:work-runtime:2.8.1] AndroidManifest.xml:123:13-99
210            android:directBootAware="false"
210-->[androidx.work:work-runtime:2.8.1] AndroidManifest.xml:124:13-44
211            android:enabled="@bool/enable_system_alarm_service_default"
211-->[androidx.work:work-runtime:2.8.1] AndroidManifest.xml:125:13-72
212            android:exported="false" >
212-->[androidx.work:work-runtime:2.8.1] AndroidManifest.xml:126:13-37
213            <intent-filter>
213-->[androidx.work:work-runtime:2.8.1] AndroidManifest.xml:128:13-130:29
214                <action android:name="androidx.work.impl.background.systemalarm.UpdateProxies" />
214-->[androidx.work:work-runtime:2.8.1] AndroidManifest.xml:129:17-98
214-->[androidx.work:work-runtime:2.8.1] AndroidManifest.xml:129:25-95
215            </intent-filter>
216        </receiver>
217        <receiver
217-->[androidx.work:work-runtime:2.8.1] AndroidManifest.xml:132:9-142:20
218            android:name="androidx.work.impl.diagnostics.DiagnosticsReceiver"
218-->[androidx.work:work-runtime:2.8.1] AndroidManifest.xml:133:13-78
219            android:directBootAware="false"
219-->[androidx.work:work-runtime:2.8.1] AndroidManifest.xml:134:13-44
220            android:enabled="true"
220-->[androidx.work:work-runtime:2.8.1] AndroidManifest.xml:135:13-35
221            android:exported="true"
221-->[androidx.work:work-runtime:2.8.1] AndroidManifest.xml:136:13-36
222            android:permission="android.permission.DUMP" >
222-->[androidx.work:work-runtime:2.8.1] AndroidManifest.xml:137:13-57
223            <intent-filter>
223-->[androidx.work:work-runtime:2.8.1] AndroidManifest.xml:139:13-141:29
224                <action android:name="androidx.work.diagnostics.REQUEST_DIAGNOSTICS" />
224-->[androidx.work:work-runtime:2.8.1] AndroidManifest.xml:140:17-88
224-->[androidx.work:work-runtime:2.8.1] AndroidManifest.xml:140:25-85
225            </intent-filter>
226        </receiver>
227
228        <service
228-->[androidx.room:room-runtime:2.5.0] AndroidManifest.xml:24:9-28:63
229            android:name="androidx.room.MultiInstanceInvalidationService"
229-->[androidx.room:room-runtime:2.5.0] AndroidManifest.xml:25:13-74
230            android:directBootAware="true"
230-->[androidx.room:room-runtime:2.5.0] AndroidManifest.xml:26:13-43
231            android:exported="false" />
231-->[androidx.room:room-runtime:2.5.0] AndroidManifest.xml:27:13-37
232
233        <receiver
233-->[androidx.profileinstaller:profileinstaller:1.3.1] AndroidManifest.xml:34:9-52:20
234            android:name="androidx.profileinstaller.ProfileInstallReceiver"
234-->[androidx.profileinstaller:profileinstaller:1.3.1] AndroidManifest.xml:35:13-76
235            android:directBootAware="false"
235-->[androidx.profileinstaller:profileinstaller:1.3.1] AndroidManifest.xml:36:13-44
236            android:enabled="true"
236-->[androidx.profileinstaller:profileinstaller:1.3.1] AndroidManifest.xml:37:13-35
237            android:exported="true"
237-->[androidx.profileinstaller:profileinstaller:1.3.1] AndroidManifest.xml:38:13-36
238            android:permission="android.permission.DUMP" >
238-->[androidx.profileinstaller:profileinstaller:1.3.1] AndroidManifest.xml:39:13-57
239            <intent-filter>
239-->[androidx.profileinstaller:profileinstaller:1.3.1] AndroidManifest.xml:40:13-42:29
240                <action android:name="androidx.profileinstaller.action.INSTALL_PROFILE" />
240-->[androidx.profileinstaller:profileinstaller:1.3.1] AndroidManifest.xml:41:17-91
240-->[androidx.profileinstaller:profileinstaller:1.3.1] AndroidManifest.xml:41:25-88
241            </intent-filter>
242            <intent-filter>
242-->[androidx.profileinstaller:profileinstaller:1.3.1] AndroidManifest.xml:43:13-45:29
243                <action android:name="androidx.profileinstaller.action.SKIP_FILE" />
243-->[androidx.profileinstaller:profileinstaller:1.3.1] AndroidManifest.xml:44:17-85
243-->[androidx.profileinstaller:profileinstaller:1.3.1] AndroidManifest.xml:44:25-82
244            </intent-filter>
245            <intent-filter>
245-->[androidx.profileinstaller:profileinstaller:1.3.1] AndroidManifest.xml:46:13-48:29
246                <action android:name="androidx.profileinstaller.action.SAVE_PROFILE" />
246-->[androidx.profileinstaller:profileinstaller:1.3.1] AndroidManifest.xml:47:17-88
246-->[androidx.profileinstaller:profileinstaller:1.3.1] AndroidManifest.xml:47:25-85
247            </intent-filter>
248            <intent-filter>
248-->[androidx.profileinstaller:profileinstaller:1.3.1] AndroidManifest.xml:49:13-51:29
249                <action android:name="androidx.profileinstaller.action.BENCHMARK_OPERATION" />
249-->[androidx.profileinstaller:profileinstaller:1.3.1] AndroidManifest.xml:50:17-95
249-->[androidx.profileinstaller:profileinstaller:1.3.1] AndroidManifest.xml:50:25-92
250            </intent-filter>
251        </receiver>
252
253        <meta-data
253-->[com.facebook.soloader:soloader:0.10.5] AndroidManifest.xml:12:9-14:37
254            android:name="com.facebook.soloader.enabled"
254-->[com.facebook.soloader:soloader:0.10.5] AndroidManifest.xml:13:13-57
255            android:value="false" /> <!-- TODO For disabling SharedPreferences backup on Android 12+ android:dataExtractionRules="@xml/backup_rules" -->
255-->[com.facebook.soloader:soloader:0.10.5] AndroidManifest.xml:14:13-34
256        <activity
256-->[com.transistorsoft:tslocationmanager:3.7.0] AndroidManifest.xml:45:9-50:64
257            android:name="com.transistorsoft.locationmanager.activity.TSLocationManagerActivity"
257-->[com.transistorsoft:tslocationmanager:3.7.0] AndroidManifest.xml:46:13-97
258            android:excludeFromRecents="false"
258-->[com.transistorsoft:tslocationmanager:3.7.0] AndroidManifest.xml:47:13-47
259            android:exported="true"
259-->[com.transistorsoft:tslocationmanager:3.7.0] AndroidManifest.xml:48:13-36
260            android:launchMode="singleInstance"
260-->[com.transistorsoft:tslocationmanager:3.7.0] AndroidManifest.xml:49:13-48
261            android:theme="@style/TSLocationManagerActivity" />
261-->[com.transistorsoft:tslocationmanager:3.7.0] AndroidManifest.xml:50:13-61
262
263        <service
263-->[com.transistorsoft:tslocationmanager:3.7.0] AndroidManifest.xml:52:9-54:56
264            android:name="com.transistorsoft.locationmanager.service.TrackingService"
264-->[com.transistorsoft:tslocationmanager:3.7.0] AndroidManifest.xml:53:13-86
265            android:foregroundServiceType="location" />
265-->[com.transistorsoft:tslocationmanager:3.7.0] AndroidManifest.xml:54:13-53
266        <service